<?xml version="1.0" encoding="UTF-8"?>
<!-- Generated by org.testng.reporters.JUnitReportReporter -->
<testsuite hostname="LAPTOP-DPRTD1BL" failures="0" tests="2" name="test.SellPageTest" time="14.266" errors="0" timestamp="2022-08-20T17:48:08 IST" skipped="0">
  <testcase classname="test.SellPageTest" name="searchDesiredStockAndClickonSELL" time="8.638"/>
  <system-out/>
  <testcase classname="test.SellPageTest" name="SearchStockTest" time="5.628"/>
  <system-out/>
</testsuite> <!-- test.SellPageTest -->
