<?xml version="1.0" encoding="UTF-8"?>
<!-- Generated by org.testng.reporters.JUnitReportReporter -->
<testsuite hostname="LAPTOP-DPRTD1BL" failures="0" tests="1" name="test.ForgotPageTest" time="12.425" errors="0" timestamp="2022-08-18T20:06:59 IST" skipped="0">
  <testcase classname="test.ForgotPageTest" name="ForgotPage" time="12.425"/>
  <system-out/>
</testsuite> <!-- test.ForgotPageTest -->
