<?xml version="1.0" encoding="UTF-8"?>
<!-- Generated by org.testng.reporters.JUnitReportReporter -->
<testsuite hostname="LAPTOP-DPRTD1BL" failures="0" tests="2" name="test.HomePageTest" time="13.401" errors="0" timestamp="2022-08-21T13:01:42 IST" skipped="0">
  <testcase classname="test.HomePageTest" name="SearchStockTest" time="7.394"/>
  <system-out/>
  <testcase classname="test.HomePageTest" name="searchDesiredStockAndClickonBuy" time="6.007"/>
  <system-out/>
</testsuite> <!-- test.HomePageTest -->
