<?xml version="1.0" encoding="UTF-8"?>
<!-- Generated by org.testng.reporters.JUnitReportReporter -->
<testsuite hostname="LAPTOP-DPRTD1BL" failures="0" tests="1" name="test.SignUpPageTest" time="8.400" errors="0" timestamp="2022-08-18T20:03:43 IST" skipped="0">
  <testcase classname="test.SignUpPageTest" name="ZerodhaSignUpPage" time="8.400"/>
  <system-out/>
</testsuite> <!-- test.SignUpPageTest -->
